<?xml version="1.0" encoding="UTF-8"?>
<TestRun id="a92db650-84a7-4ca5-b866-0df20a681556" name="fpellerin@FRANCISPELL8BCF 2018-05-27 08:58:39" runUser="FRANCISPELL8BCF\fpellerin" xmlns="http://microsoft.com/schemas/VisualStudio/TeamTest/2010">
  <Times creation="2018-05-27T08:58:39.7298781-04:00" queuing="2018-05-27T08:58:39.7298781-04:00" start="2018-05-27T08:58:38.6857207-04:00" finish="2018-05-27T08:58:39.7756204-04:00" />
  <TestSettings name="default" id="7e0a20e9-4ea9-48a6-ab4a-731c873a6903">
    <Deployment runDeploymentRoot="fpellerin_FRANCISPELL8BCF_2018-05-27_08_58_39" />
  </TestSettings>
  <Results>
    <UnitTestResult executionId="d2eb0ce9-0e63-49a1-a6c6-f0489830b8a2" testId="d3842c90-a1e8-a681-79d2-0ee3b35f1beb" testName="Read_Test_Results_From_Empty_Xml_Returns_Null" computerName="FRANCISPELL8BCF" duration="00:00:00.0251845" startTime="2018-05-27T08:58:39.2527454-04:00" endTime="2018-05-27T08:58:39.3716084-04:00" testType="13cdc9d9-ddb5-4fa4-a97d-d965ccfc6d4b" outcome="Passed" testListId="8c84fa94-04c1-424b-9868-57a2d4851a1d" relativeResultsDirectory="d2eb0ce9-0e63-49a1-a6c6-f0489830b8a2" />
    <UnitTestResult executionId="c48ad694-5bb7-4250-b952-d007379bd154" testId="b4137329-d4f5-abc8-cbe4-a7be8a3f4e94" testName="Read_Test_Results_From_Xml_Returns_Test_Run_Summary" computerName="FRANCISPELL8BCF" duration="00:00:00.1120672" startTime="2018-05-27T08:58:39.3786133-04:00" endTime="2018-05-27T08:58:39.4906105-04:00" testType="13cdc9d9-ddb5-4fa4-a97d-d965ccfc6d4b" outcome="Failed" testListId="8c84fa94-04c1-424b-9868-57a2d4851a1d" relativeResultsDirectory="c48ad694-5bb7-4250-b952-d007379bd154">
      <Output>
        <ErrorInfo>
          <Message>Assert.IsNotNull failed. </Message>
          <StackTrace>   at MsTestOutputReaderTests.XmlParserTests.Read_Test_Results_From_Xml_Returns_Test_Run_Summary() in \\Mac\Home\Documents\repos\mstest-output-reader\MsTestOutputReader\MsTestOutputReaderTests\XmlParserTests.cs:line 26
</StackTrace>
        </ErrorInfo>
      </Output>
    </UnitTestResult>
  </Results>
  <TestDefinitions>
    <UnitTest name="Read_Test_Results_From_Empty_Xml_Returns_Null" storage="z:\documents\repos\mstest-output-reader\mstestoutputreader\mstestoutputreadertests\bin\debug\mstestoutputreadertests.dll" id="d3842c90-a1e8-a681-79d2-0ee3b35f1beb">
      <Execution id="d2eb0ce9-0e63-49a1-a6c6-f0489830b8a2" />
      <TestMethod codeBase="Z:\Documents\repos\mstest-output-reader\MsTestOutputReader\MsTestOutputReaderTests\bin\Debug\MsTestOutputReaderTests.dll" executorUriOfAdapter="executor://mstestadapter/v2" className="MsTestOutputReaderTests.XmlParserTests" name="Read_Test_Results_From_Empty_Xml_Returns_Null" />
    </UnitTest>
    <UnitTest name="Read_Test_Results_From_Xml_Returns_Test_Run_Summary" storage="z:\documents\repos\mstest-output-reader\mstestoutputreader\mstestoutputreadertests\bin\debug\mstestoutputreadertests.dll" id="b4137329-d4f5-abc8-cbe4-a7be8a3f4e94">
      <Execution id="c48ad694-5bb7-4250-b952-d007379bd154" />
      <TestMethod codeBase="Z:\Documents\repos\mstest-output-reader\MsTestOutputReader\MsTestOutputReaderTests\bin\Debug\MsTestOutputReaderTests.dll" executorUriOfAdapter="executor://mstestadapter/v2" className="MsTestOutputReaderTests.XmlParserTests" name="Read_Test_Results_From_Xml_Returns_Test_Run_Summary" />
    </UnitTest>
  </TestDefinitions>
  <TestEntries>
    <TestEntry testId="d3842c90-a1e8-a681-79d2-0ee3b35f1beb" executionId="d2eb0ce9-0e63-49a1-a6c6-f0489830b8a2" testListId="8c84fa94-04c1-424b-9868-57a2d4851a1d" />
    <TestEntry testId="b4137329-d4f5-abc8-cbe4-a7be8a3f4e94" executionId="c48ad694-5bb7-4250-b952-d007379bd154" testListId="8c84fa94-04c1-424b-9868-57a2d4851a1d" />
  </TestEntries>
  <TestLists>
    <TestList name="Results Not in a List" id="8c84fa94-04c1-424b-9868-57a2d4851a1d" />
    <TestList name="All Loaded Results" id="19431567-8539-422a-85d7-44ee4e166bda" />
  </TestLists>
  <ResultSummary outcome="Failed">
    <Counters total="2" executed="2" passed="1" failed="1" error="0" timeout="0" aborted="0" inconclusive="0" passedButRunAborted="0" notRunnable="0" notExecuted="0" disconnected="0" warning="0" completed="0" inProgress="0" pending="0" />
  </ResultSummary>
</TestRun>